<?xml version="1.0" encoding="UTF-8" ?>
<testsuite tests="44" failures="0" name="com.KwanzooTestSuit.SanityTestRunner" time="0.023" errors="0" skipped="0">
  <properties>
[...]
</properties>
  <testcase classname="Scenario: Create a new Banner and Load it." name="Given I have to login to Kwanzoo site" time="0.003"/>
  <testcase classname="Scenario: Create a new Banner and Load it." name="When I go to My campaign page" time="0"/>
  <testcase classname="Scenario: Create a new Banner and Load it." name="And Select Smart banner option and Click on customize campaign" time="0"/>
  <testcase classname="Scenario: Create a new Banner and Load it." name="Then I create new banner" time="0"/>
  <testcase classname="Scenario: Create a new Banner and Load it." name="And I save Banner Widget" time="0"/>
  <testcase classname="Scenario: Create a new Banner and Load it." name="And I go to Run Campaign Page and Activate the Banner" time="0"/>
  <testcase classname="Scenario: Create a new Banner and Load it." name="Scenario: Create a new Banner and Load it." time="0"/>
  <testcase classname="Scenario: Creat and Load LeadformCCP" name="Given I have to login to Kwanzoo" time="0"/>
  <testcase classname="Scenario: Creat and Load LeadformCCP" name="When I create new campaign" time="0"/>
  <testcase classname="Scenario: Creat and Load LeadformCCP" name="And Select smart lead form option and Click on customize campaign" time="0"/>
  <testcase classname="Scenario: Creat and Load LeadformCCP" name="Then I create new lead form" time="0.001"/>
  <testcase classname="Scenario: Creat and Load LeadformCCP" name="And I save lead form settings" time="0"/>
  <testcase classname="Scenario: Creat and Load LeadformCCP" name="And I go to Run Campaign Page and Activate the Campaign" time="0"/>
  <testcase classname="Scenario: Creat and Load LeadformCCP" name="And I load campaign." time="0"/>
  <testcase classname="Scenario: Creat and Load LeadformCCP" name="Scenario: Creat and Load LeadformCCP" time="0"/>
  <testcase classname="Scenario: Create and load lead form with Eloqua" name="Given I have logged in to kwanzoo for eloqua" time="0"/>
  <testcase classname="Scenario: Create and load lead form with Eloqua" name="When I go to Template create Page for eloqua" time="0"/>
  <testcase classname="Scenario: Create and load lead form with Eloqua" name="Then I create a Leadform for eloqua" time="0.001"/>
  <testcase classname="Scenario: Create and load lead form with Eloqua" name="And I save Leadform Widget for eloqua" time="0"/>
  <testcase classname="Scenario: Create and load lead form with Eloqua" name="And I go to Run Campaign Page and Activate the Leadform for eloqua" time="0"/>
  <testcase classname="Scenario: Create and load lead form with Eloqua" name="Scenario: Create and load lead form with Eloqua" time="0.015"/>
  <testcase classname="Scenario: Create and load lead form with Email" name="Given I have logged in to kwanzoo for email" time="0"/>
  <testcase classname="Scenario: Create and load lead form with Email" name="When I go to Template create Page for email" time="0"/>
  <testcase classname="Scenario: Create and load lead form with Email" name="Then I create a Leadform for email" time="0"/>
  <testcase classname="Scenario: Create and load lead form with Email" name="And I save Leadform Widget for email" time="0"/>
  <testcase classname="Scenario: Create and load lead form with Email" name="Scenario: Create and load lead form with Email" time="0"/>
  <testcase classname="Scenario: Create and Load for with Marketo" name="Given I have logged in to kwanzoo for marketo" time="0"/>
  <testcase classname="Scenario: Create and Load for with Marketo" name="When I go to Template create Page for marketo" time="0"/>
  <testcase classname="Scenario: Create and Load for with Marketo" name="Then I create a Leadform for marketo" time="0"/>
  <testcase classname="Scenario: Create and Load for with Marketo" name="And I save Leadform Widget for marketo" time="0"/>
  <testcase classname="Scenario: Create and Load for with Marketo" name="And I go to Run Campaign Page and Activate the Leadform for marketo" time="0"/>
  <testcase classname="Scenario: Create and Load for with Marketo" name="Scenario: Create and Load for with Marketo" time="0.001"/>
  <testcase classname="Scenario: Create and load lead form with Post to Landing Page" name="Given I have logged in to kwanzoo for Post to Landing Page" time="0"/>
  <testcase classname="Scenario: Create and load lead form with Post to Landing Page" name="When I go to Template create Page for Post to Landing Page" time="0"/>
  <testcase classname="Scenario: Create and load lead form with Post to Landing Page" name="Then I create a Leadform for Post to Landing Page" time="0"/>
  <testcase classname="Scenario: Create and load lead form with Post to Landing Page" name="And I save Leadform Widget for Post to Landing Page" time="0"/>
  <testcase classname="Scenario: Create and load lead form with Post to Landing Page" name="And I go to Run Campaign Page and Activate the Leadform for Post to Landing Page" time="0"/>
  <testcase classname="Scenario: Create and load lead form with Post to Landing Page" name="Scenario: Create and load lead form with Post to Landing Page" time="0.001"/>
  <testcase classname="Scenario: Create and load lead form with Silverpop" name="Given I have logged in to kwanzoo for silverpop" time="0"/>
  <testcase classname="Scenario: Create and load lead form with Silverpop" name="When I go to Template create Page for silverpop" time="0"/>
  <testcase classname="Scenario: Create and load lead form with Silverpop" name="Then I create a Leadform for silverpop" time="0"/>
  <testcase classname="Scenario: Create and load lead form with Silverpop" name="And I save Leadform Widget for silverpop" time="0"/>
  <testcase classname="Scenario: Create and load lead form with Silverpop" name="And I go to Run Campaign Page and Activate the Leadform for silverpop" time="0"/>
  <testcase classname="Scenario: Create and load lead form with Silverpop" name="Scenario: Create and load lead form with Silverpop" time="0.001"/>
</testsuite>